[debug] [2023-10-17T01:15:06.496Z] ----------------------------------------------------------------------
[debug] [2023-10-17T01:15:06.500Z] Command:       /Users/Finley/.nvm/versions/node/v18.15.0/bin/node /Users/Finley/.nvm/versions/node/v18.15.0/bin/firebase serve --only functions,hosting
[debug] [2023-10-17T01:15:06.500Z] CLI Version:   12.6.2
[debug] [2023-10-17T01:15:06.501Z] Platform:      darwin
[debug] [2023-10-17T01:15:06.501Z] Node Version:  v18.15.0
[debug] [2023-10-17T01:15:06.515Z] Time:          Tue Oct 17 2023 14:15:06 GMT+1300 (New Zealand Daylight Time)
[debug] [2023-10-17T01:15:06.516Z] ----------------------------------------------------------------------
[debug] 
[debug] [2023-10-17T01:15:06.743Z] > command requires scopes: ["email","openid","https://www.googleapis.com/auth/cloudplatformprojects.readonly","https://www.googleapis.com/auth/firebase","https://www.googleapis.com/auth/cloud-platform"]
[debug] [2023-10-17T01:15:06.744Z] > authorizing via signed-in user (finley.sullivan@gmail.com)
[debug] [2023-10-17T01:15:06.744Z] [iam] checking project nwen304-23 for permissions ["firebase.projects.get"]
[debug] [2023-10-17T01:15:06.747Z] >>> [apiv2][query] POST https://cloudresourcemanager.googleapis.com/v1/projects/nwen304-23:testIamPermissions [none]
[debug] [2023-10-17T01:15:06.747Z] >>> [apiv2][(partial)header] POST https://cloudresourcemanager.googleapis.com/v1/projects/nwen304-23:testIamPermissions x-goog-quota-user=projects/nwen304-23
[debug] [2023-10-17T01:15:06.748Z] >>> [apiv2][body] POST https://cloudresourcemanager.googleapis.com/v1/projects/nwen304-23:testIamPermissions {"permissions":["firebase.projects.get"]}
[debug] [2023-10-17T01:15:07.200Z] <<< [apiv2][status] POST https://cloudresourcemanager.googleapis.com/v1/projects/nwen304-23:testIamPermissions 200
[debug] [2023-10-17T01:15:07.201Z] <<< [apiv2][body] POST https://cloudresourcemanager.googleapis.com/v1/projects/nwen304-23:testIamPermissions {"permissions":["firebase.projects.get"]}
[debug] [2023-10-17T01:15:07.202Z] >>> [apiv2][query] GET https://firebase.googleapis.com/v1beta1/projects/nwen304-23 [none]
[debug] [2023-10-17T01:15:08.031Z] <<< [apiv2][status] GET https://firebase.googleapis.com/v1beta1/projects/nwen304-23 200
[debug] [2023-10-17T01:15:08.031Z] <<< [apiv2][body] GET https://firebase.googleapis.com/v1beta1/projects/nwen304-23 {"projectId":"nwen304-23","projectNumber":"638909197225","displayName":"nwen304-23","name":"projects/nwen304-23","resources":{"hostingSite":"nwen304-23"},"state":"ACTIVE","etag":"1_f4166f46-5ee1-45c6-af95-a1a055b8220b"}
[debug] [2023-10-17T01:15:08.041Z] defaultcredentials: writing to file /Users/Finley/.config/firebase/finley_sullivan_gmail.com_application_default_credentials.json
[debug] [2023-10-17T01:15:08.042Z] >>> [apiv2][query] GET https://firebasehosting.googleapis.com/v1beta1/projects/nwen304-23/sites 
[debug] [2023-10-17T01:15:08.049Z] Setting GAC to /Users/Finley/.config/firebase/finley_sullivan_gmail.com_application_default_credentials.json {"metadata":{"emulator":{"name":"functions"},"message":"Setting GAC to /Users/Finley/.config/firebase/finley_sullivan_gmail.com_application_default_credentials.json"}}
[debug] [2023-10-17T01:15:08.049Z] >>> [apiv2][query] GET https://firebase.googleapis.com/v1beta1/projects/nwen304-23/adminSdkConfig [none]
[debug] [2023-10-17T01:15:09.063Z] <<< [apiv2][status] GET https://firebase.googleapis.com/v1beta1/projects/nwen304-23/adminSdkConfig 200
[debug] [2023-10-17T01:15:09.063Z] <<< [apiv2][body] GET https://firebase.googleapis.com/v1beta1/projects/nwen304-23/adminSdkConfig {"projectId":"nwen304-23","storageBucket":"nwen304-23.appspot.com"}
[debug] [2023-10-17T01:15:09.464Z] <<< [apiv2][status] GET https://firebasehosting.googleapis.com/v1beta1/projects/nwen304-23/sites 200
[debug] [2023-10-17T01:15:09.464Z] <<< [apiv2][body] GET https://firebasehosting.googleapis.com/v1beta1/projects/nwen304-23/sites {"sites":[{"name":"projects/nwen304-23/sites/nwen304-23","defaultUrl":"https://nwen304-23.web.app","type":"DEFAULT_SITE"}]}
[debug] [2023-10-17T01:15:09.464Z] >>> [apiv2][query] GET https://firebase.googleapis.com/v1beta1/projects/nwen304-23/webApps/-/config [none]
[debug] [2023-10-17T01:15:10.649Z] <<< [apiv2][status] GET https://firebase.googleapis.com/v1beta1/projects/nwen304-23/webApps/-/config 200
[debug] [2023-10-17T01:15:10.650Z] <<< [apiv2][body] GET https://firebase.googleapis.com/v1beta1/projects/nwen304-23/webApps/-/config {"projectId":"nwen304-23","appId":"1:638909197225:web:e2d400f868180049a8b2b8","storageBucket":"nwen304-23.appspot.com","apiKey":"AIzaSyAgq70Lms32HDUnLK43IIBDu22KdzC8_EU","authDomain":"nwen304-23.firebaseapp.com","messagingSenderId":"638909197225","measurementId":"G-18J2WYQR10"}
[debug] [2023-10-17T01:15:10.665Z] >>> [apiv2][query] GET https://firebase.googleapis.com/v1beta1/projects/nwen304-23 [none]
[debug] [2023-10-17T01:15:11.511Z] <<< [apiv2][status] GET https://firebase.googleapis.com/v1beta1/projects/nwen304-23 200
[debug] [2023-10-17T01:15:11.511Z] <<< [apiv2][body] GET https://firebase.googleapis.com/v1beta1/projects/nwen304-23 {"projectId":"nwen304-23","projectNumber":"638909197225","displayName":"nwen304-23","name":"projects/nwen304-23","resources":{"hostingSite":"nwen304-23"},"state":"ACTIVE","etag":"1_f4166f46-5ee1-45c6-af95-a1a055b8220b"}
[info] i  functions: Watching "/Users/Finley/Desktop/NWEN304/group/trade-cars/functions" for Cloud Functions... {"metadata":{"emulator":{"name":"functions"},"message":"Watching \"/Users/Finley/Desktop/NWEN304/group/trade-cars/functions\" for Cloud Functions..."}}
[info] i  hosting[nwen304-23]: Serving hosting files from: public {"metadata":{"emulator":{"name":"hosting"},"message":"Serving hosting files from: \u001b[1mpublic\u001b[22m"}}
[info] ✔  hosting[nwen304-23]: Local server: http://localhost:5000 {"metadata":{"emulator":{"name":"hosting"},"message":"Local server: \u001b[4m\u001b[1mhttp://localhost:5000\u001b[22m\u001b[24m"}}
[debug] [2023-10-17T01:15:11.619Z] Validating nodejs source
[debug] [2023-10-17T01:15:13.280Z] > [functions] package.json contents: {
  "name": "functions",
  "description": "Cloud Functions for Firebase",
  "scripts": {
    "serve": "firebase emulators:start --only functions",
    "shell": "firebase functions:shell",
    "start": "npm run shell",
    "deploy": "firebase deploy --only functions",
    "logs": "firebase functions:log"
  },
  "engines": {
    "node": "18"
  },
  "main": "index.js",
  "dependencies": {
    "firebase-admin": "^11.8.0",
    "firebase-functions": "^4.3.1",
    "bcrypt": "^5.1.1",
    "bcryptjs": "^2.4.3",
    "cookie-parser": "^1.4.6",
    "cors": "^2.8.5",
    "ejs": "^3.1.9",
    "express": "^4.18.2",
    "firebase": "^10.4.0",
    "jsonwebtoken": "^9.0.2",
    "mongoose": "^7.5.3",
    "nodemon": "^3.0.1"
  },
  "devDependencies": {
    "firebase-functions-test": "^3.1.0"
  },
  "private": true
}
[debug] [2023-10-17T01:15:13.281Z] Building nodejs source
[debug] [2023-10-17T01:15:13.282Z] Failed to find version of module node: reached end of search path /Users/Finley/Desktop/NWEN304/group/trade-cars/functions/node_modules
[info] ✔  functions: Using node@18 from host. 
[debug] [2023-10-17T01:15:13.285Z] Could not find functions.yaml. Must use http discovery
[debug] [2023-10-17T01:15:13.292Z] Found firebase-functions binary at '/Users/Finley/Desktop/NWEN304/group/trade-cars/functions/node_modules/.bin/firebase-functions'
[info] Serving at port 8220

[info] Heard on 5001

[debug] [2023-10-17T01:15:14.616Z] Got response from /__/functions.yaml {"endpoints":{"app":{"availableMemoryMb":null,"timeoutSeconds":null,"minInstances":null,"maxInstances":null,"ingressSettings":null,"concurrency":null,"serviceAccountEmail":null,"vpc":null,"platform":"gcfv2","labels":{},"httpsTrigger":{},"entryPoint":"app"}},"specVersion":"v1alpha1","requiredAPIs":[]}
[info] shutdown requested via /__/quitquitquit

[info] ✔  functions: Loaded functions definitions from source: app. {"metadata":{"emulator":{"name":"functions"},"message":"Loaded functions definitions from source: app."}}
[info] ✔  functions[us-central1-app]: http function initialized (http://localhost:5001/nwen304-23/us-central1/app). {"metadata":{"emulator":{"name":"functions"},"message":"\u001b[1mhttp\u001b[22m function initialized (http://localhost:5001/nwen304-23/us-central1/app)."}}
[debug] [2023-10-17T01:15:52.931Z] [work-queue] {"queuedWork":["/nwen304-23/us-central1/app-2023-10-17T01:15:52.931Z"],"queueLength":1,"runningWork":[],"workRunningCount":0}
[debug] [2023-10-17T01:15:52.932Z] [work-queue] {"queuedWork":[],"queueLength":0,"runningWork":["/nwen304-23/us-central1/app-2023-10-17T01:15:52.931Z"],"workRunningCount":1}
[debug] [2023-10-17T01:15:52.932Z] Accepted request GET /nwen304-23/us-central1/app --> us-central1-app
[debug] [2023-10-17T01:15:52.937Z] [functions] Runtime ready! Sending request! {"metadata":{"emulator":{"name":"functions"},"message":"[functions] Runtime ready! Sending request!"}}
[debug] [2023-10-17T01:15:52.937Z] [functions] Got req.url=/nwen304-23/us-central1/app, mapping to path=/ {"metadata":{"emulator":{"name":"functions"},"message":"[functions] Got req.url=/nwen304-23/us-central1/app, mapping to path=/"}}
[debug] [2023-10-17T01:15:52.944Z] [worker-pool] addWorker(us-central1-app) {"metadata":{"emulator":{"name":"functions"},"message":"[worker-pool] addWorker(us-central1-app)"}}
[debug] [2023-10-17T01:15:52.947Z] [worker-pool] Adding worker with key us-central1-app, total=1 {"metadata":{"emulator":{"name":"functions"},"message":"[worker-pool] Adding worker with key us-central1-app, total=1"}}
[debug] [2023-10-17T01:15:56.191Z] [runtime-status] [73727] Resolved module firebase-admin {"declared":true,"installed":true,"version":"11.11.0","resolution":"/Users/Finley/Desktop/NWEN304/group/trade-cars/functions/node_modules/firebase-admin/lib/index.js"} {"metadata":{"emulator":{"name":"functions"},"function":{"name":"us-central1-app"},"extension":{},"message":"[runtime-status] [73727] Resolved module firebase-admin {\"declared\":true,\"installed\":true,\"version\":\"11.11.0\",\"resolution\":\"/Users/Finley/Desktop/NWEN304/group/trade-cars/functions/node_modules/firebase-admin/lib/index.js\"}"}}
[debug] [2023-10-17T01:15:56.199Z] [runtime-status] [73727] Resolved module firebase-functions {"declared":true,"installed":true,"version":"4.4.1","resolution":"/Users/Finley/Desktop/NWEN304/group/trade-cars/functions/node_modules/firebase-functions/lib/v1/index.js"} {"metadata":{"emulator":{"name":"functions"},"function":{"name":"us-central1-app"},"extension":{},"message":"[runtime-status] [73727] Resolved module firebase-functions {\"declared\":true,\"installed\":true,\"version\":\"4.4.1\",\"resolution\":\"/Users/Finley/Desktop/NWEN304/group/trade-cars/functions/node_modules/firebase-functions/lib/v1/index.js\"}"}}
[debug] [2023-10-17T01:15:56.202Z] [runtime-status] [73727] Outgoing network have been stubbed. [{"name":"http","status":"mocked"},{"name":"http","status":"mocked"},{"name":"https","status":"mocked"},{"name":"https","status":"mocked"},{"name":"net","status":"mocked"}] {"metadata":{"emulator":{"name":"functions"},"function":{"name":"us-central1-app"},"extension":{},"message":"[runtime-status] [73727] Outgoing network have been stubbed. [{\"name\":\"http\",\"status\":\"mocked\"},{\"name\":\"http\",\"status\":\"mocked\"},{\"name\":\"https\",\"status\":\"mocked\"},{\"name\":\"https\",\"status\":\"mocked\"},{\"name\":\"net\",\"status\":\"mocked\"}]"}}
[debug] [2023-10-17T01:15:56.204Z] [runtime-status] [73727] Resolved module firebase-functions {"declared":true,"installed":true,"version":"4.4.1","resolution":"/Users/Finley/Desktop/NWEN304/group/trade-cars/functions/node_modules/firebase-functions/lib/v1/index.js"} {"metadata":{"emulator":{"name":"functions"},"function":{"name":"us-central1-app"},"extension":{},"message":"[runtime-status] [73727] Resolved module firebase-functions {\"declared\":true,\"installed\":true,\"version\":\"4.4.1\",\"resolution\":\"/Users/Finley/Desktop/NWEN304/group/trade-cars/functions/node_modules/firebase-functions/lib/v1/index.js\"}"}}
[debug] [2023-10-17T01:15:56.896Z] [runtime-status] [73727] Checked functions.config() {"config":{}} {"metadata":{"emulator":{"name":"functions"},"function":{"name":"us-central1-app"},"extension":{},"message":"[runtime-status] [73727] Checked functions.config() {\"config\":{}}"}}
[debug] [2023-10-17T01:15:56.896Z] [runtime-status] [73727] firebase-functions has been stubbed. {"functionsResolution":{"declared":true,"installed":true,"version":"4.4.1","resolution":"/Users/Finley/Desktop/NWEN304/group/trade-cars/functions/node_modules/firebase-functions/lib/v1/index.js"}} {"metadata":{"emulator":{"name":"functions"},"function":{"name":"us-central1-app"},"extension":{},"message":"[runtime-status] [73727] firebase-functions has been stubbed. {\"functionsResolution\":{\"declared\":true,\"installed\":true,\"version\":\"4.4.1\",\"resolution\":\"/Users/Finley/Desktop/NWEN304/group/trade-cars/functions/node_modules/firebase-functions/lib/v1/index.js\"}}"}}
[debug] [2023-10-17T01:15:56.898Z] [runtime-status] [73727] Resolved module firebase-functions {"declared":true,"installed":true,"version":"4.4.1","resolution":"/Users/Finley/Desktop/NWEN304/group/trade-cars/functions/node_modules/firebase-functions/lib/v1/index.js"} {"metadata":{"emulator":{"name":"functions"},"function":{"name":"us-central1-app"},"extension":{},"message":"[runtime-status] [73727] Resolved module firebase-functions {\"declared\":true,\"installed\":true,\"version\":\"4.4.1\",\"resolution\":\"/Users/Finley/Desktop/NWEN304/group/trade-cars/functions/node_modules/firebase-functions/lib/v1/index.js\"}"}}
[debug] [2023-10-17T01:15:56.899Z] [runtime-status] [73727] Resolved module firebase-admin {"declared":true,"installed":true,"version":"11.11.0","resolution":"/Users/Finley/Desktop/NWEN304/group/trade-cars/functions/node_modules/firebase-admin/lib/index.js"} {"metadata":{"emulator":{"name":"functions"},"function":{"name":"us-central1-app"},"extension":{},"message":"[runtime-status] [73727] Resolved module firebase-admin {\"declared\":true,\"installed\":true,\"version\":\"11.11.0\",\"resolution\":\"/Users/Finley/Desktop/NWEN304/group/trade-cars/functions/node_modules/firebase-admin/lib/index.js\"}"}}
[debug] [2023-10-17T01:15:56.905Z] [runtime-status] [73727] Resolved module firebase-functions {"declared":true,"installed":true,"version":"4.4.1","resolution":"/Users/Finley/Desktop/NWEN304/group/trade-cars/functions/node_modules/firebase-functions/lib/v1/index.js"} {"metadata":{"emulator":{"name":"functions"},"function":{"name":"us-central1-app"},"extension":{},"message":"[runtime-status] [73727] Resolved module firebase-functions {\"declared\":true,\"installed\":true,\"version\":\"4.4.1\",\"resolution\":\"/Users/Finley/Desktop/NWEN304/group/trade-cars/functions/node_modules/firebase-functions/lib/v1/index.js\"}"}}
[debug] [2023-10-17T01:15:56.905Z] [runtime-status] [73727] firebase-admin has been stubbed. {"adminResolution":{"declared":true,"installed":true,"version":"11.11.0","resolution":"/Users/Finley/Desktop/NWEN304/group/trade-cars/functions/node_modules/firebase-admin/lib/index.js"}} {"metadata":{"emulator":{"name":"functions"},"function":{"name":"us-central1-app"},"extension":{},"message":"[runtime-status] [73727] firebase-admin has been stubbed. {\"adminResolution\":{\"declared\":true,\"installed\":true,\"version\":\"11.11.0\",\"resolution\":\"/Users/Finley/Desktop/NWEN304/group/trade-cars/functions/node_modules/firebase-admin/lib/index.js\"}}"}}
[debug] [2023-10-17T01:15:58.542Z] [runtime-status] [73727] Functions runtime initialized. {"cwd":"/Users/Finley/Desktop/NWEN304/group/trade-cars/functions","node_version":"18.15.0"} {"metadata":{"emulator":{"name":"functions"},"function":{"name":"us-central1-app"},"extension":{},"message":"[runtime-status] [73727] Functions runtime initialized. {\"cwd\":\"/Users/Finley/Desktop/NWEN304/group/trade-cars/functions\",\"node_version\":\"18.15.0\"}"}}
[info] >  Heard on 5001 {"user":"Heard on 5001","metadata":{"emulator":{"name":"functions"},"function":{"name":"us-central1-app"},"extension":{},"message":"\u001b[90m> \u001b[39m Heard on 5001"}}
[debug] [2023-10-17T01:15:58.546Z] [runtime-status] [73727] Listening to port: /var/folders/s6/qgbql9v15p93ws76j2rwlxdc0000gp/T/fire_emu_3b247d21f6d33f10.sock {"metadata":{"emulator":{"name":"functions"},"function":{"name":"us-central1-app"},"extension":{},"message":"[runtime-status] [73727] Listening to port: /var/folders/s6/qgbql9v15p93ws76j2rwlxdc0000gp/T/fire_emu_3b247d21f6d33f10.sock"}}
[debug] [2023-10-17T01:15:58.650Z] [worker-us-central1-app-7ad73908-bfca-4ec0-a2af-b0446154b0c5]: IDLE {"metadata":{"emulator":{"name":"functions"},"function":{"name":"us-central1-app"},"extension":{},"message":"[worker-us-central1-app-7ad73908-bfca-4ec0-a2af-b0446154b0c5]: IDLE"}}
[debug] [2023-10-17T01:15:58.650Z] [worker-pool] submitRequest(triggerId=us-central1-app) {"metadata":{"emulator":{"name":"functions"},"message":"[worker-pool] submitRequest(triggerId=us-central1-app)"}}
[info] i  functions: Beginning execution of "us-central1-app" {"metadata":{"emulator":{"name":"functions"},"function":{"name":"us-central1-app"},"extension":{},"message":"Beginning execution of \"us-central1-app\""}}
[debug] [2023-10-17T01:15:58.651Z] [worker-us-central1-app-7ad73908-bfca-4ec0-a2af-b0446154b0c5]: BUSY {"metadata":{"emulator":{"name":"functions"},"function":{"name":"us-central1-app"},"extension":{},"message":"[worker-us-central1-app-7ad73908-bfca-4ec0-a2af-b0446154b0c5]: BUSY"}}
[debug] [2023-10-17T01:15:58.680Z] Finishing up request with event=pause {"metadata":{"emulator":{"name":"functions"},"function":{"name":"us-central1-app"},"extension":{},"message":"Finishing up request with event=pause"}}
[info] i  functions: Finished "us-central1-app" in 29.985148ms {"metadata":{"emulator":{"name":"functions"},"function":{"name":"us-central1-app"},"extension":{},"message":"Finished \"us-central1-app\" in 29.985148ms"}}
[debug] [2023-10-17T01:15:58.681Z] [worker-us-central1-app-7ad73908-bfca-4ec0-a2af-b0446154b0c5]: IDLE {"metadata":{"emulator":{"name":"functions"},"function":{"name":"us-central1-app"},"extension":{},"message":"[worker-us-central1-app-7ad73908-bfca-4ec0-a2af-b0446154b0c5]: IDLE"}}
[debug] [2023-10-17T01:15:58.682Z] Finishing up request with event=finish {"metadata":{"emulator":{"name":"functions"},"function":{"name":"us-central1-app"},"extension":{},"message":"Finishing up request with event=finish"}}
[debug] [2023-10-17T01:15:58.682Z] Finishing up request with event=close {"metadata":{"emulator":{"name":"functions"},"function":{"name":"us-central1-app"},"extension":{},"message":"Finishing up request with event=close"}}
[debug] [2023-10-17T01:15:58.682Z] [work-queue] {"queuedWork":[],"queueLength":0,"runningWork":[],"workRunningCount":0}
[debug] [2023-10-17T01:15:58.750Z] Functions emulator received unknown request at path /style.css
[debug] [2023-10-17T01:16:18.635Z] Functions emulator received unknown request at path /
[debug] [2023-10-17T01:16:21.948Z] Functions emulator received unknown request at path /sell
[info] >  Could not connect to MongoDB MongooseServerSelectionError: connect ECONNREFUSED 0.0.0.0:27017 {"user":"Could not connect to MongoDB MongooseServerSelectionError: connect ECONNREFUSED 0.0.0.0:27017","metadata":{"emulator":{"name":"functions"},"function":{"name":"us-central1-app"},"extension":{},"message":"\u001b[90m> \u001b[39m Could not connect to MongoDB MongooseServerSelectionError: connect ECONNREFUSED 0.0.0.0:27017"}}
[info] >      at _handleConnectionErrors (/Users/Finley/Desktop/NWEN304/group/trade-cars/functions/node_modules/mongoose/lib/connection.js:805:11) {"user":"    at _handleConnectionErrors (/Users/Finley/Desktop/NWEN304/group/trade-cars/functions/node_modules/mongoose/lib/connection.js:805:11)","metadata":{"emulator":{"name":"functions"},"function":{"name":"us-central1-app"},"extension":{},"message":"\u001b[90m> \u001b[39m     at _handleConnectionErrors (/Users/Finley/Desktop/NWEN304/group/trade-cars/functions/node_modules/mongoose/lib/connection.js:805:11)"}}
[info] >      at NativeConnection.openUri (/Users/Finley/Desktop/NWEN304/group/trade-cars/functions/node_modules/mongoose/lib/connection.js:780:11) {"user":"    at NativeConnection.openUri (/Users/Finley/Desktop/NWEN304/group/trade-cars/functions/node_modules/mongoose/lib/connection.js:780:11)","metadata":{"emulator":{"name":"functions"},"function":{"name":"us-central1-app"},"extension":{},"message":"\u001b[90m> \u001b[39m     at NativeConnection.openUri (/Users/Finley/Desktop/NWEN304/group/trade-cars/functions/node_modules/mongoose/lib/connection.js:780:11)"}}
[info] >      at runNextTicks (node:internal/process/task_queues:60:5) {"user":"    at runNextTicks (node:internal/process/task_queues:60:5)","metadata":{"emulator":{"name":"functions"},"function":{"name":"us-central1-app"},"extension":{},"message":"\u001b[90m> \u001b[39m     at runNextTicks (node:internal/process/task_queues:60:5)"}}
[info] >      at listOnTimeout (node:internal/timers:538:9) {"user":"    at listOnTimeout (node:internal/timers:538:9)","metadata":{"emulator":{"name":"functions"},"function":{"name":"us-central1-app"},"extension":{},"message":"\u001b[90m> \u001b[39m     at listOnTimeout (node:internal/timers:538:9)"}}
[info] >      at process.processTimers (node:internal/timers:512:7) { {"user":"    at process.processTimers (node:internal/timers:512:7) {","metadata":{"emulator":{"name":"functions"},"function":{"name":"us-central1-app"},"extension":{},"message":"\u001b[90m> \u001b[39m     at process.processTimers (node:internal/timers:512:7) {"}}
[info] >    reason: TopologyDescription { {"user":"  reason: TopologyDescription {","metadata":{"emulator":{"name":"functions"},"function":{"name":"us-central1-app"},"extension":{},"message":"\u001b[90m> \u001b[39m   reason: TopologyDescription {"}}
[info] >      type: 'Unknown', {"user":"    type: 'Unknown',","metadata":{"emulator":{"name":"functions"},"function":{"name":"us-central1-app"},"extension":{},"message":"\u001b[90m> \u001b[39m     type: 'Unknown',"}}
[info] >      servers: Map(1) { '0.0.0.0:27017' => [ServerDescription] }, {"user":"    servers: Map(1) { '0.0.0.0:27017' => [ServerDescription] },","metadata":{"emulator":{"name":"functions"},"function":{"name":"us-central1-app"},"extension":{},"message":"\u001b[90m> \u001b[39m     servers: Map(1) { '0.0.0.0:27017' => [ServerDescription] },"}}
[info] >      stale: false, {"user":"    stale: false,","metadata":{"emulator":{"name":"functions"},"function":{"name":"us-central1-app"},"extension":{},"message":"\u001b[90m> \u001b[39m     stale: false,"}}
[info] >      compatible: true, {"user":"    compatible: true,","metadata":{"emulator":{"name":"functions"},"function":{"name":"us-central1-app"},"extension":{},"message":"\u001b[90m> \u001b[39m     compatible: true,"}}
[info] >      heartbeatFrequencyMS: 10000, {"user":"    heartbeatFrequencyMS: 10000,","metadata":{"emulator":{"name":"functions"},"function":{"name":"us-central1-app"},"extension":{},"message":"\u001b[90m> \u001b[39m     heartbeatFrequencyMS: 10000,"}}
[info] >      localThresholdMS: 15, {"user":"    localThresholdMS: 15,","metadata":{"emulator":{"name":"functions"},"function":{"name":"us-central1-app"},"extension":{},"message":"\u001b[90m> \u001b[39m     localThresholdMS: 15,"}}
[info] >      setName: null, {"user":"    setName: null,","metadata":{"emulator":{"name":"functions"},"function":{"name":"us-central1-app"},"extension":{},"message":"\u001b[90m> \u001b[39m     setName: null,"}}
[info] >      maxElectionId: null, {"user":"    maxElectionId: null,","metadata":{"emulator":{"name":"functions"},"function":{"name":"us-central1-app"},"extension":{},"message":"\u001b[90m> \u001b[39m     maxElectionId: null,"}}
[info] >      maxSetVersion: null, {"user":"    maxSetVersion: null,","metadata":{"emulator":{"name":"functions"},"function":{"name":"us-central1-app"},"extension":{},"message":"\u001b[90m> \u001b[39m     maxSetVersion: null,"}}
[info] >      commonWireVersion: 0, {"user":"    commonWireVersion: 0,","metadata":{"emulator":{"name":"functions"},"function":{"name":"us-central1-app"},"extension":{},"message":"\u001b[90m> \u001b[39m     commonWireVersion: 0,"}}
[info] >      logicalSessionTimeoutMinutes: null {"user":"    logicalSessionTimeoutMinutes: null","metadata":{"emulator":{"name":"functions"},"function":{"name":"us-central1-app"},"extension":{},"message":"\u001b[90m> \u001b[39m     logicalSessionTimeoutMinutes: null"}}
[info] >    }, {"user":"  },","metadata":{"emulator":{"name":"functions"},"function":{"name":"us-central1-app"},"extension":{},"message":"\u001b[90m> \u001b[39m   },"}}
[info] >    code: undefined {"user":"  code: undefined","metadata":{"emulator":{"name":"functions"},"function":{"name":"us-central1-app"},"extension":{},"message":"\u001b[90m> \u001b[39m   code: undefined"}}
[info] >  } {"user":"}","metadata":{"emulator":{"name":"functions"},"function":{"name":"us-central1-app"},"extension":{},"message":"\u001b[90m> \u001b[39m }"}}
[debug] [2023-10-17T01:16:58.616Z] File /Users/Finley/Desktop/NWEN304/group/trade-cars/functions/controllers/AuthController.js changed, reloading triggers {"metadata":{"emulator":{"name":"functions"},"message":"File /Users/Finley/Desktop/NWEN304/group/trade-cars/functions/controllers/AuthController.js changed, reloading triggers"}}
[debug] [2023-10-17T01:16:59.625Z] Validating nodejs source
[debug] [2023-10-17T01:17:04.429Z] > [functions] package.json contents: {
  "name": "functions",
  "description": "Cloud Functions for Firebase",
  "scripts": {
    "serve": "firebase emulators:start --only functions",
    "shell": "firebase functions:shell",
    "start": "npm run shell",
    "deploy": "firebase deploy --only functions",
    "logs": "firebase functions:log"
  },
  "engines": {
    "node": "18"
  },
  "main": "index.js",
  "dependencies": {
    "firebase-admin": "^11.8.0",
    "firebase-functions": "^4.3.1",
    "bcrypt": "^5.1.1",
    "bcryptjs": "^2.4.3",
    "cookie-parser": "^1.4.6",
    "cors": "^2.8.5",
    "ejs": "^3.1.9",
    "express": "^4.18.2",
    "firebase": "^10.4.0",
    "jsonwebtoken": "^9.0.2",
    "mongoose": "^7.5.3",
    "nodemon": "^3.0.1"
  },
  "devDependencies": {
    "firebase-functions-test": "^3.1.0"
  },
  "private": true
}
[debug] [2023-10-17T01:17:04.429Z] Building nodejs source
[debug] [2023-10-17T01:17:04.430Z] Failed to find version of module node: reached end of search path /Users/Finley/Desktop/NWEN304/group/trade-cars/functions/node_modules
[info] ✔  functions: Using node@18 from host. 
[debug] [2023-10-17T01:17:04.434Z] Could not find functions.yaml. Must use http discovery
[debug] [2023-10-17T01:17:04.439Z] Found firebase-functions binary at '/Users/Finley/Desktop/NWEN304/group/trade-cars/functions/node_modules/.bin/firebase-functions'
[info] Serving at port 8878

[debug] [2023-10-17T01:17:08.042Z] File /Users/Finley/Desktop/NWEN304/group/trade-cars/functions/controllers/AuthController.js changed, reloading triggers {"metadata":{"emulator":{"name":"functions"},"message":"File /Users/Finley/Desktop/NWEN304/group/trade-cars/functions/controllers/AuthController.js changed, reloading triggers"}}
[info] Error: listen EADDRINUSE: address already in use :::5001
    at Server.setupListenHandle [as _listen2] (node:net:1740:16)
    at listenInCluster (node:net:1788:12)
    at Server.listen (node:net:1876:7)
    at Function.listen (/Users/Finley/Desktop/NWEN304/group/trade-cars/functions/node_modules/express/lib/application.js:635:24)
    at Object.<anonymous> (/Users/Finley/Desktop/NWEN304/group/trade-cars/functions/index.js:63:5)
    at Module._compile (node:internal/modules/cjs/loader:1254:14)
    at Module._extensions..js (node:internal/modules/cjs/loader:1308:10)
    at Module.load (node:internal/modules/cjs/loader:1117:32)
    at Module._load (node:internal/modules/cjs/loader:958:12)
    at Module.require (node:internal/modules/cjs/loader:1141:19) {
  code: 'EADDRINUSE',
  errno: -48,
  syscall: 'listen',
  address: '::',
  port: 5001
}

[debug] [2023-10-17T01:17:08.494Z] Got response from /__/functions.yaml {"endpoints":{"app":{"availableMemoryMb":null,"timeoutSeconds":null,"minInstances":null,"maxInstances":null,"ingressSettings":null,"concurrency":null,"serviceAccountEmail":null,"vpc":null,"platform":"gcfv2","labels":{},"httpsTrigger":{},"entryPoint":"app"}},"specVersion":"v1alpha1","requiredAPIs":[]}
[info] shutdown requested via /__/quitquitquit

[debug] [2023-10-17T01:17:09.047Z] Validating nodejs source
[debug] [2023-10-17T01:17:11.449Z] > [functions] package.json contents: {
  "name": "functions",
  "description": "Cloud Functions for Firebase",
  "scripts": {
    "serve": "firebase emulators:start --only functions",
    "shell": "firebase functions:shell",
    "start": "npm run shell",
    "deploy": "firebase deploy --only functions",
    "logs": "firebase functions:log"
  },
  "engines": {
    "node": "18"
  },
  "main": "index.js",
  "dependencies": {
    "firebase-admin": "^11.8.0",
    "firebase-functions": "^4.3.1",
    "bcrypt": "^5.1.1",
    "bcryptjs": "^2.4.3",
    "cookie-parser": "^1.4.6",
    "cors": "^2.8.5",
    "ejs": "^3.1.9",
    "express": "^4.18.2",
    "firebase": "^10.4.0",
    "jsonwebtoken": "^9.0.2",
    "mongoose": "^7.5.3",
    "nodemon": "^3.0.1"
  },
  "devDependencies": {
    "firebase-functions-test": "^3.1.0"
  },
  "private": true
}
[debug] [2023-10-17T01:17:11.449Z] Building nodejs source
[debug] [2023-10-17T01:17:11.449Z] Failed to find version of module node: reached end of search path /Users/Finley/Desktop/NWEN304/group/trade-cars/functions/node_modules
[info] ✔  functions: Using node@18 from host. 
[debug] [2023-10-17T01:17:11.450Z] Could not find functions.yaml. Must use http discovery
[debug] [2023-10-17T01:17:11.451Z] Found firebase-functions binary at '/Users/Finley/Desktop/NWEN304/group/trade-cars/functions/node_modules/.bin/firebase-functions'
[info] Serving at port 8849

[info] Error: listen EADDRINUSE: address already in use :::5001
    at Server.setupListenHandle [as _listen2] (node:net:1740:16)
    at listenInCluster (node:net:1788:12)
    at Server.listen (node:net:1876:7)
    at Function.listen (/Users/Finley/Desktop/NWEN304/group/trade-cars/functions/node_modules/express/lib/application.js:635:24)
    at Object.<anonymous> (/Users/Finley/Desktop/NWEN304/group/trade-cars/functions/index.js:63:5)
    at Module._compile (node:internal/modules/cjs/loader:1254:14)
    at Module._extensions..js (node:internal/modules/cjs/loader:1308:10)
    at Module.load (node:internal/modules/cjs/loader:1117:32)
    at Module._load (node:internal/modules/cjs/loader:958:12)
    at Module.require (node:internal/modules/cjs/loader:1141:19) {
  code: 'EADDRINUSE',
  errno: -48,
  syscall: 'listen',
  address: '::',
  port: 5001
}

[debug] [2023-10-17T01:17:13.459Z] Got response from /__/functions.yaml {"endpoints":{"app":{"availableMemoryMb":null,"timeoutSeconds":null,"minInstances":null,"maxInstances":null,"ingressSettings":null,"concurrency":null,"serviceAccountEmail":null,"vpc":null,"platform":"gcfv2","labels":{},"httpsTrigger":{},"entryPoint":"app"}},"specVersion":"v1alpha1","requiredAPIs":[]}
[info] shutdown requested via /__/quitquitquit

[info] ✔  functions: Loaded functions definitions from source: app. {"metadata":{"emulator":{"name":"functions"},"message":"Loaded functions definitions from source: app."}}
[debug] [2023-10-17T01:17:18.525Z] [worker-pool] Shutting down IDLE worker (us-central1-app) {"metadata":{"emulator":{"name":"functions"},"message":"[worker-pool] Shutting down IDLE worker (us-central1-app)"}}
[debug] [2023-10-17T01:17:18.525Z] [worker-us-central1-app-7ad73908-bfca-4ec0-a2af-b0446154b0c5]: FINISHING {"metadata":{"emulator":{"name":"functions"},"function":{"name":"us-central1-app"},"extension":{},"message":"[worker-us-central1-app-7ad73908-bfca-4ec0-a2af-b0446154b0c5]: FINISHING"}}
[debug] [2023-10-17T01:17:18.552Z] [worker-us-central1-app-7ad73908-bfca-4ec0-a2af-b0446154b0c5]: exited {"metadata":{"emulator":{"name":"functions"},"function":{"name":"us-central1-app"},"extension":{},"message":"[worker-us-central1-app-7ad73908-bfca-4ec0-a2af-b0446154b0c5]: exited"}}
[debug] [2023-10-17T01:17:18.553Z] [worker-us-central1-app-7ad73908-bfca-4ec0-a2af-b0446154b0c5]: FINISHED {"metadata":{"emulator":{"name":"functions"},"function":{"name":"us-central1-app"},"extension":{},"message":"[worker-us-central1-app-7ad73908-bfca-4ec0-a2af-b0446154b0c5]: FINISHED"}}
[info] ✔  functions: Loaded functions definitions from source: app. {"metadata":{"emulator":{"name":"functions"},"message":"Loaded functions definitions from source: app."}}
